<?xml version="1.0" encoding="UTF-8"?>
<!-- Generated by org.testng.reporters.JUnitReportReporter -->
<testsuite hostname="JAYA" failures="0" tests="1" name="Superkeys.A" time="0.011" errors="0" timestamp="2024-05-22T12:04:47 IST" skipped="0">
  <testcase classname="Superkeys.A" name="execute" time="0.011"/>
  <system-out/>
</testsuite> <!-- Superkeys.A -->
