<?xml version="1.0" encoding="UTF-8"?>
<!-- Generated by org.testng.reporters.JUnitReportReporter -->
<testsuite hostname="JAYA" failures="0" tests="1" name="TestNg.Paremeterized" time="0.001" errors="0" timestamp="2024-05-21T20:43:26 IST" skipped="0">
  <testcase classname="TestNg.Paremeterized" name="M" time="0.001"/>
  <system-out/>
</testsuite> <!-- TestNg.Paremeterized -->
