<?xml version="1.0" encoding="UTF-8"?>
<!-- Generated by org.testng.reporters.JUnitReportReporter -->
<testsuite hostname="JAYA" failures="0" tests="2" name="TestNg.Dummyclass" time="0.011" errors="0" timestamp="2024-05-21T17:10:32 IST" skipped="0">
  <testcase classname="TestNg.Dummyclass" name="Third" time="0.008"/>
  <system-out/>
  <testcase classname="TestNg.Dummyclass" name="second" time="0.003"/>
  <system-out/>
</testsuite> <!-- TestNg.Dummyclass -->
