<?xml version="1.0" encoding="UTF-8"?>
<!-- Generated by org.testng.reporters.JUnitReportReporter -->
<testsuite hostname="JAYA" failures="0" tests="1" name="TestNg.RunwithouMain" time="0.002" errors="0" timestamp="2024-05-21T17:10:32 IST" skipped="0">
  <testcase classname="TestNg.RunwithouMain" name="first" time="0.002"/>
  <system-out/>
</testsuite> <!-- TestNg.RunwithouMain -->
