<?xml version="1.0" encoding="UTF-8"?>
<!-- Generated by org.testng.reporters.JUnitReportReporter -->
<testsuite hostname="JAYA" failures="0" tests="1" name="Inheritance.B1" time="0.010" errors="0" timestamp="2024-05-22T10:30:54 IST" skipped="0">
  <testcase classname="Inheritance.B1" name="Result" time="0.010"/>
  <system-out/>
</testsuite> <!-- Inheritance.B1 -->
