<?xml version="1.0" encoding="UTF-8"?>
<!-- Generated by org.testng.reporters.JUnitReportReporter -->
<testsuite hostname="JAYA" failures="0" tests="1" name="Inheritance.Child" time="0.010" errors="0" timestamp="2024-05-22T09:20:01 IST" skipped="0">
  <testcase classname="Inheritance.Child" name="B" time="0.010"/>
  <system-out/>
</testsuite> <!-- Inheritance.Child -->
