<?xml version="1.0" encoding="UTF-8"?>
<!-- Generated by org.testng.reporters.JUnitReportReporter -->
<testsuite hostname="JAYA" failures="0" tests="5" name="TestNg.DependsonMethods" time="0.012" errors="0" timestamp="2024-05-21T20:43:26 IST" skipped="0">
  <testcase classname="TestNg.DependsonMethods" name="Y" time="0.001"/>
  <system-out/>
  <testcase classname="TestNg.DependsonMethods" name="Z" time="0.001"/>
  <system-out/>
  <testcase classname="TestNg.DependsonMethods" name="B" time="0.007"/>
  <system-out/>
  <testcase classname="TestNg.DependsonMethods" name="C" time="0.002"/>
  <system-out/>
  <testcase classname="TestNg.DependsonMethods" name="A" time="0.001"/>
  <system-out/>
</testsuite> <!-- TestNg.DependsonMethods -->
