<?xml version="1.0" encoding="UTF-8"?>
<!-- Generated by org.testng.reporters.JUnitReportReporter -->
<testsuite hostname="JAYA" failures="0" tests="3" name="TestNg.DataProviderMethod" time="0.009" errors="0" timestamp="2024-05-21T21:12:54 IST" skipped="0">
  <testcase classname="TestNg.DataProviderMethod" name="getvalue" time="0.005"/>
  <system-out/>
  <testcase classname="TestNg.DataProviderMethod" name="getvalue" time="0.003"/>
  <system-out/>
  <testcase classname="TestNg.DataProviderMethod" name="getvalue" time="0.001"/>
  <system-out/>
</testsuite> <!-- TestNg.DataProviderMethod -->
