<?xml version="1.0" encoding="UTF-8"?>
<!-- Generated by org.testng.reporters.JUnitReportReporter -->
<testsuite hostname="JAYA" failures="0" tests="1" name="Stream.stream" time="0.050" errors="0" timestamp="2024-05-19T00:56:47 IST" skipped="0">
  <testcase classname="Stream.stream" name="arrayFilter" time="0.050"/>
</testsuite> <!-- Stream.stream -->
