<?xml version="1.0" encoding="UTF-8"?>
<!-- Generated by org.testng.reporters.JUnitReportReporter -->
<testsuite hostname="JAYA" failures="0" tests="2" name="TestNg.Process" time="0.004" errors="0" timestamp="2024-05-21T19:58:01 IST" skipped="0">
  <testcase classname="TestNg.Process" name="reg1" time="0.002"/>
  <system-out/>
  <testcase classname="TestNg.Process" name="Transfer" time="0.002"/>
  <system-out/>
</testsuite> <!-- TestNg.Process -->
