<?xml version="1.0" encoding="UTF-8"?>
<!-- Generated by org.testng.reporters.JUnitReportReporter -->
<testsuite hostname="JAYA" failures="0" tests="1" name="TestNg.Eligilbe" time="0.020" errors="0" timestamp="2024-05-21T19:58:52 IST" skipped="0">
  <testcase classname="TestNg.Eligilbe" name="reg" time="0.020"/>
  <system-out/>
</testsuite> <!-- TestNg.Eligilbe -->
