<?xml version="1.0" encoding="UTF-8"?>
<!-- Generated by org.testng.reporters.JUnitReportReporter -->
<testsuite hostname="JAYA" failures="0" tests="1" name="TestNg.Verification" time="0.002" errors="0" timestamp="2024-05-21T19:58:52 IST" skipped="0">
  <testcase classname="TestNg.Verification" name="reg2" time="0.002"/>
  <system-out/>
</testsuite> <!-- TestNg.Verification -->
